<?xml version="1.0" encoding="UTF-8"?>
<!-- Generated by org.testng.reporters.JUnitReportReporter -->
<testsuite hostname="Admin" failures="0" tests="2" name="qaclickacademy.Mavenjava.AppiumTest" time="0.006" errors="0" timestamp="04 Oct 2020 18:49:54 GMT" skipped="0">
  <testcase classname="qaclickacademy.Mavenjava.AppiumTest" name="IOSapp" time="0.000"/>
  <testcase classname="qaclickacademy.Mavenjava.AppiumTest" name="Androidapp" time="0.006"/>
</testsuite> <!-- qaclickacademy.Mavenjava.AppiumTest -->
