<?xml version="1.0" encoding="UTF-8"?>
<!-- Generated by org.testng.reporters.JUnitReportReporter -->
<testsuite hostname="Admin" failures="0" tests="2" name="qaclickacademy.Mavenjava.RESTAPITest" time="0.000" errors="0" timestamp="04 Oct 2020 18:49:54 GMT" skipped="0">
  <testcase classname="qaclickacademy.Mavenjava.RESTAPITest" name="PostJIRA" time="0.000"/>
  <testcase classname="qaclickacademy.Mavenjava.RESTAPITest" name="deleteTwitter" time="0.000"/>
</testsuite> <!-- qaclickacademy.Mavenjava.RESTAPITest -->
